INFO 2025-05-15 18:14:59,379 [__main__:logger_advanced.py:<module>:59]
Info message: Training epoch 1/10 completed, accuracy: 85.7%

WARNING 2025-05-15 18:14:59,379 [__main__:logger_advanced.py:<module>:60]
Warning message: GPU utilization is at 95%

ERROR 2025-05-15 18:14:59,380 [__main__:logger_advanced.py:<module>:61]
Error message: Failed to connect to data source

CRITICAL 2025-05-15 18:14:59,380 [__main__:logger_advanced.py:<module>:62]
Critical message: Model serving API is down!

INFO 2025-05-15 18:14:59,380 [__main__:logger_advanced.py:process_batch:66]
Processing batch 1

INFO 2025-05-15 18:14:59,380 [__main__:logger_advanced.py:process_batch:66]
Processing batch 2

INFO 2025-05-15 18:14:59,381 [__main__:logger_advanced.py:process_batch:66]
Processing batch 3

INFO 2025-05-15 18:14:59,381 [__main__:logger_advanced.py:process_batch:66]
Processing batch 4

INFO 2025-05-15 18:14:59,382 [__main__:logger_advanced.py:process_batch:66]
Processing batch 5

WARNING 2025-05-15 18:14:59,382 [__main__:logger_advanced.py:process_batch:68]
Batch 5 contains outliers

INFO 2025-05-15 18:14:59,382 [__main__:logger_advanced.py:process_batch:66]
Processing batch 6

INFO 2025-05-15 18:14:59,382 [__main__:logger_advanced.py:process_batch:66]
Processing batch 7

INFO 2025-05-15 18:14:59,382 [__main__:logger_advanced.py:process_batch:66]
Processing batch 8

INFO 2025-05-15 18:14:59,383 [__main__:logger_advanced.py:process_batch:66]
Processing batch 9

INFO 2025-05-15 18:14:59,383 [__main__:logger_advanced.py:process_batch:66]
Processing batch 10

WARNING 2025-05-15 18:14:59,383 [__main__:logger_advanced.py:process_batch:68]
Batch 10 contains outliers

INFO 2025-05-15 18:18:24,633 [__main__:logger_advanced.py:<module>:59]
Info message: Training epoch 1/10 completed, accuracy: 85.7%

WARNING 2025-05-15 18:18:24,634 [__main__:logger_advanced.py:<module>:60]
Warning message: GPU utilization is at 95%

ERROR 2025-05-15 18:18:24,634 [__main__:logger_advanced.py:<module>:61]
Error message: Failed to connect to data source

CRITICAL 2025-05-15 18:18:24,635 [__main__:logger_advanced.py:<module>:62]
Critical message: Model serving API is down!

INFO 2025-05-15 18:18:24,635 [__main__:logger_advanced.py:process_batch:66]
Processing batch 1

INFO 2025-05-15 18:18:24,635 [__main__:logger_advanced.py:process_batch:66]
Processing batch 2

INFO 2025-05-15 18:18:24,635 [__main__:logger_advanced.py:process_batch:66]
Processing batch 3

INFO 2025-05-15 18:18:24,635 [__main__:logger_advanced.py:process_batch:66]
Processing batch 4

INFO 2025-05-15 18:18:24,636 [__main__:logger_advanced.py:process_batch:66]
Processing batch 5

WARNING 2025-05-15 18:18:24,636 [__main__:logger_advanced.py:process_batch:68]
Batch 5 contains outliers

INFO 2025-05-15 18:18:24,636 [__main__:logger_advanced.py:process_batch:66]
Processing batch 6

INFO 2025-05-15 18:18:24,636 [__main__:logger_advanced.py:process_batch:66]
Processing batch 7

INFO 2025-05-15 18:18:24,636 [__main__:logger_advanced.py:process_batch:66]
Processing batch 8

INFO 2025-05-15 18:18:24,636 [__main__:logger_advanced.py:process_batch:66]
Processing batch 9

INFO 2025-05-15 18:18:24,636 [__main__:logger_advanced.py:process_batch:66]
Processing batch 10

WARNING 2025-05-15 18:18:24,637 [__main__:logger_advanced.py:process_batch:68]
Batch 10 contains outliers

INFO 2025-05-15 18:21:09,583 [__main__:logging_rich.py:<module>:64]
[bold green]Info:[/bold green] Model training started with learning rate=0.001

WARNING 2025-05-15 18:21:09,584 [__main__:logging_rich.py:<module>:65]
[bold yellow]Warning:[/bold yellow] Validation loss increasing, possible overfitting

ERROR 2025-05-15 18:21:09,585 [__main__:logging_rich.py:<module>:66]
[bold red]Error:[/bold red] Failed to save model weights to S3

CRITICAL 2025-05-15 18:21:09,587 [__main__:logging_rich.py:<module>:67]
[bold white on red]CRITICAL:[/bold white on red] Out of memory during batch processing

INFO 2025-05-15 18:21:09,588 [__main__:logging_rich.py:train_epoch:71]
[bold blue]Epoch 1/3[/bold blue]

INFO 2025-05-15 18:21:10,598 [__main__:logging_rich.py:train_epoch:83]
Epoch 1 results: accuracy=0.73, loss=0.45

INFO 2025-05-15 18:21:10,599 [__main__:logging_rich.py:train_epoch:71]
[bold blue]Epoch 2/3[/bold blue]

WARNING 2025-05-15 18:21:11,205 [__main__:logging_rich.py:train_epoch:78]
Unusually high loss in batch 3

INFO 2025-05-15 18:21:11,610 [__main__:logging_rich.py:train_epoch:83]
Epoch 2 results: accuracy=0.76, loss=0.40

INFO 2025-05-15 18:21:11,612 [__main__:logging_rich.py:train_epoch:71]
[bold blue]Epoch 3/3[/bold blue]

INFO 2025-05-15 18:21:12,621 [__main__:logging_rich.py:train_epoch:83]
Epoch 3 results: accuracy=0.79, loss=0.35

INFO 2025-05-15 18:21:12,623 [__main__:logging_rich.py:<module>:92]
Attempting to load pretrained weights

ERROR 2025-05-15 18:21:12,625 [__main__:logging_rich.py:<module>:97]
Failed to load pretrained weights
Traceback (most recent call last):
  File "e:\OneDrive - DePaul University\@D\@DePaul\Courses\SE 489\Codes\MLOps-Course-Codes\Exercises\ApplicationLogging\logging_rich.py", line 95, in <module>
    raise FileNotFoundError("Pretrained model file not found")
FileNotFoundError: Pretrained model file not found
